1482745011683	geckodriver	INFO	Listening on 127.0.0.1:56303
1482745011686	mozprofile::profile	INFO	Using profile path /tmp/rust_mozprofile.yJ3q4KOPNvlp
1482745011686	geckodriver::marionette	INFO	Starting browser /usr/bin/firefox
1482745011688	geckodriver::marionette	INFO	Connecting to Marionette on localhost:33695
1482745012327	Marionette	INFO	Listening on port 33695
1482745278122	geckodriver	INFO	Listening on 127.0.0.1:46409
1482745279150	mozprofile::profile	INFO	Using profile path /tmp/rust_mozprofile.an8zhsbVni1s
1482745279151	geckodriver::marionette	INFO	Starting browser /usr/bin/firefox
1482745279155	geckodriver::marionette	INFO	Connecting to Marionette on localhost:38632
1482745279802	Marionette	INFO	Listening on port 38632
1482745308338	geckodriver	INFO	Listening on 127.0.0.1:57776
1482745309345	mozprofile::profile	INFO	Using profile path /tmp/rust_mozprofile.D1iiQYeESwmD
1482745309347	geckodriver::marionette	INFO	Starting browser /usr/bin/firefox
1482745309350	geckodriver::marionette	INFO	Connecting to Marionette on localhost:32933
1482745309557	addons.manager	DEBUG	Application has been upgraded
1482745309575	addons.manager	DEBUG	Loaded provider scope for resource://gre/modules/addons/XPIProvider.jsm: ["XPIProvider"]
1482745309577	addons.manager	DEBUG	Loaded provider scope for resource://gre/modules/LightweightThemeManager.jsm: ["LightweightThemeManager"]
1482745309582	addons.manager	DEBUG	Loaded provider scope for resource://gre/modules/addons/GMPProvider.jsm
1482745309584	addons.manager	DEBUG	Loaded provider scope for resource://gre/modules/addons/PluginProvider.jsm
1482745309585	addons.manager	DEBUG	Starting provider: XPIProvider
1482745309586	addons.xpi	DEBUG	startup
1482745309586	addons.xpi	INFO	SystemAddonInstallLocation directory is missing
1482745309588	addons.xpi	INFO	Mapping aushelper@mozilla.org to /usr/lib/firefox/browser/features/aushelper@mozilla.org.xpi
1482745309588	addons.xpi	INFO	Mapping e10srollout@mozilla.org to /usr/lib/firefox/browser/features/e10srollout@mozilla.org.xpi
1482745309588	addons.xpi	INFO	Mapping webcompat@mozilla.org to /usr/lib/firefox/browser/features/webcompat@mozilla.org.xpi
1482745309589	addons.xpi	INFO	Mapping firefox@getpocket.com to /usr/lib/firefox/browser/features/firefox@getpocket.com.xpi
1482745309590	addons.xpi	INFO	Mapping langpack-en-ZA@firefox.mozilla.org to /usr/lib/firefox/browser/extensions/langpack-en-ZA@firefox.mozilla.org.xpi
1482745309590	addons.xpi	INFO	Mapping {972ce4c6-7e08-4474-a285-3208198ce6fd} to /usr/lib/firefox/browser/extensions/{972ce4c6-7e08-4474-a285-3208198ce6fd}.xpi
1482745309591	addons.xpi	INFO	Mapping langpack-en-GB@firefox.mozilla.org to /usr/lib/firefox/browser/extensions/langpack-en-GB@firefox.mozilla.org.xpi
1482745309591	addons.xpi	INFO	Mapping langpack-zh-CN@firefox.mozilla.org to /usr/lib/firefox/browser/extensions/langpack-zh-CN@firefox.mozilla.org.xpi
1482745309592	addons.xpi	DEBUG	checkForChanges
1482745309594	addons.xpi	DEBUG	Loaded add-on state from prefs: {}
1482745309595	addons.xpi	DEBUG	New add-on aushelper@mozilla.org in app-system-defaults
1482745309596	addons.xpi	DEBUG	getModTime: Recursive scan of aushelper@mozilla.org
1482745309596	addons.xpi	DEBUG	New add-on e10srollout@mozilla.org in app-system-defaults
1482745309597	addons.xpi	DEBUG	getModTime: Recursive scan of e10srollout@mozilla.org
1482745309597	addons.xpi	DEBUG	New add-on webcompat@mozilla.org in app-system-defaults
1482745309598	addons.xpi	DEBUG	getModTime: Recursive scan of webcompat@mozilla.org
1482745309598	addons.xpi	DEBUG	New add-on firefox@getpocket.com in app-system-defaults
1482745309599	addons.xpi	DEBUG	getModTime: Recursive scan of firefox@getpocket.com
1482745309600	addons.xpi	DEBUG	New add-on langpack-en-ZA@firefox.mozilla.org in app-global
1482745309600	addons.xpi	DEBUG	getModTime: Recursive scan of langpack-en-ZA@firefox.mozilla.org
1482745309601	addons.xpi	DEBUG	New add-on {972ce4c6-7e08-4474-a285-3208198ce6fd} in app-global
1482745309601	addons.xpi	DEBUG	getModTime: Recursive scan of {972ce4c6-7e08-4474-a285-3208198ce6fd}
1482745309602	addons.xpi	DEBUG	New add-on langpack-en-GB@firefox.mozilla.org in app-global
1482745309602	addons.xpi	DEBUG	getModTime: Recursive scan of langpack-en-GB@firefox.mozilla.org
1482745309603	addons.xpi	DEBUG	New add-on langpack-zh-CN@firefox.mozilla.org in app-global
1482745309603	addons.xpi	DEBUG	getModTime: Recursive scan of langpack-zh-CN@firefox.mozilla.org
1482745309603	addons.xpi	DEBUG	getInstallState changed: true, state: {"app-system-defaults":{"aushelper@mozilla.org":{"d":"/usr/lib/firefox/browser/features/aushelper@mozilla.org.xpi","st":1481290039000},"e10srollout@mozilla.org":{"d":"/usr/lib/firefox/browser/features/e10srollout@mozilla.org.xpi","st":1481290039000},"webcompat@mozilla.org":{"d":"/usr/lib/firefox/browser/features/webcompat@mozilla.org.xpi","st":1481290040000},"firefox@getpocket.com":{"d":"/usr/lib/firefox/browser/features/firefox@getpocket.com.xpi","st":1481290040000}},"app-global":{"langpack-en-ZA@firefox.mozilla.org":{"d":"/usr/lib/firefox/browser/extensions/langpack-en-ZA@firefox.mozilla.org.xpi","st":1481295526000},"{972ce4c6-7e08-4474-a285-3208198ce6fd}":{"d":"/usr/lib/firefox/browser/extensions/{972ce4c6-7e08-4474-a285-3208198ce6fd}.xpi","st":1481290039000},"langpack-en-GB@firefox.mozilla.org":{"d":"/usr/lib/firefox/browser/extensions/langpack-en-GB@firefox.mozilla.org.xpi","st":1481295526000},"langpack-zh-CN@firefox.mozilla.org":{"d":"/usr/lib/firefox/browser/extensions/langpack-zh-CN@firefox.mozilla.org.xpi","st":1481295717000}}}
1482745309613	addons.xpi-utils	DEBUG	Opening XPI database /tmp/rust_mozprofile.D1iiQYeESwmD/extensions.json
1482745309614	addons.xpi-utils	DEBUG	New add-on aushelper@mozilla.org installed in app-system-defaults
*** Blocklist::_loadBlocklistFromFile: blocklist is disabled
1482745309623	DeferredSave.extensions.json	DEBUG	Save changes
1482745309623	addons.xpi-utils	DEBUG	New add-on e10srollout@mozilla.org installed in app-system-defaults
1482745309626	DeferredSave.extensions.json	DEBUG	Starting timer
1482745309628	DeferredSave.extensions.json	DEBUG	Save changes
1482745309628	addons.xpi-utils	DEBUG	New add-on webcompat@mozilla.org installed in app-system-defaults
1482745309634	DeferredSave.extensions.json	DEBUG	Save changes
1482745309634	addons.xpi-utils	DEBUG	New add-on firefox@getpocket.com installed in app-system-defaults
1482745309640	DeferredSave.extensions.json	DEBUG	Save changes
1482745309641	addons.xpi-utils	DEBUG	New add-on langpack-en-ZA@firefox.mozilla.org installed in app-global
1482745309650	DeferredSave.extensions.json	DEBUG	Save changes
1482745309651	addons.xpi-utils	DEBUG	New add-on {972ce4c6-7e08-4474-a285-3208198ce6fd} installed in app-global
1482745309656	DeferredSave.extensions.json	DEBUG	Save changes
1482745309657	addons.xpi-utils	DEBUG	New add-on langpack-en-GB@firefox.mozilla.org installed in app-global
1482745309668	DeferredSave.extensions.json	DEBUG	Save changes
1482745309669	addons.xpi-utils	DEBUG	New add-on langpack-zh-CN@firefox.mozilla.org installed in app-global
1482745309679	DeferredSave.extensions.json	DEBUG	Save changes
1482745309680	addons.manager	DEBUG	Registering startup change 'installed' for aushelper@mozilla.org
1482745309687	addons.xpi	DEBUG	Loading bootstrap scope from /usr/lib/firefox/browser/features/aushelper@mozilla.org.xpi
1482745309691	addons.xpi	DEBUG	Calling bootstrap method install on aushelper@mozilla.org version 1.0
1482745309692	addons.xpi-utils	DEBUG	Make addon app-system-defaults:aushelper@mozilla.org visible
1482745309692	DeferredSave.extensions.json	DEBUG	Save changes
1482745309693	addons.manager	DEBUG	Registering startup change 'installed' for e10srollout@mozilla.org
1482745309694	addons.xpi	DEBUG	Loading bootstrap scope from /usr/lib/firefox/browser/features/e10srollout@mozilla.org.xpi
1482745309704	addons.xpi	DEBUG	Calling bootstrap method install on e10srollout@mozilla.org version 1.5
1482745309706	addons.xpi-utils	DEBUG	Make addon app-system-defaults:e10srollout@mozilla.org visible
1482745309707	DeferredSave.extensions.json	DEBUG	Save changes
1482745309707	addons.manager	DEBUG	Registering startup change 'installed' for webcompat@mozilla.org
1482745309708	addons.xpi	DEBUG	Loading bootstrap scope from /usr/lib/firefox/browser/features/webcompat@mozilla.org.xpi
1482745309710	addons.xpi	DEBUG	Calling bootstrap method install on webcompat@mozilla.org version 1.0
1482745309711	addons.xpi-utils	DEBUG	Make addon app-system-defaults:webcompat@mozilla.org visible
1482745309712	DeferredSave.extensions.json	DEBUG	Save changes
1482745309713	addons.manager	DEBUG	Registering startup change 'installed' for firefox@getpocket.com
1482745309714	addons.xpi	DEBUG	Loading bootstrap scope from /usr/lib/firefox/browser/features/firefox@getpocket.com.xpi
1482745309717	addons.xpi	DEBUG	Calling bootstrap method install on firefox@getpocket.com version 1.0.5
1482745309717	addons.xpi-utils	DEBUG	Make addon app-system-defaults:firefox@getpocket.com visible
1482745309718	DeferredSave.extensions.json	DEBUG	Save changes
1482745309718	addons.manager	DEBUG	Registering startup change 'installed' for langpack-en-ZA@firefox.mozilla.org
1482745309718	addons.manager	DEBUG	Registering startup change 'installed' for langpack-en-ZA@firefox.mozilla.org
1482745309719	addons.xpi-utils	DEBUG	Make addon app-global:langpack-en-ZA@firefox.mozilla.org visible
1482745309719	DeferredSave.extensions.json	DEBUG	Save changes
1482745309720	addons.xpi-utils	DEBUG	Make addon app-global:{972ce4c6-7e08-4474-a285-3208198ce6fd} visible
1482745309720	DeferredSave.extensions.json	DEBUG	Save changes
1482745309721	addons.manager	DEBUG	Registering startup change 'installed' for langpack-en-GB@firefox.mozilla.org
1482745309721	addons.manager	DEBUG	Registering startup change 'installed' for langpack-en-GB@firefox.mozilla.org
1482745309721	addons.xpi-utils	DEBUG	Make addon app-global:langpack-en-GB@firefox.mozilla.org visible
1482745309722	DeferredSave.extensions.json	DEBUG	Save changes
1482745309722	addons.manager	DEBUG	Registering startup change 'installed' for langpack-zh-CN@firefox.mozilla.org
1482745309722	addons.manager	DEBUG	Registering startup change 'installed' for langpack-zh-CN@firefox.mozilla.org
1482745309723	addons.xpi-utils	DEBUG	Make addon app-global:langpack-zh-CN@firefox.mozilla.org visible
1482745309723	DeferredSave.extensions.json	DEBUG	Save changes
1482745309724	addons.xpi	DEBUG	Updating XPIState for {"id":"aushelper@mozilla.org","syncGUID":"{2c54a652-1f41-4396-8bd1-9ee7b3507bf5}","location":"app-system-defaults","version":"1.0","type":"extension","internalName":null,"updateURL":null,"updateKey":null,"optionsURL":null,"optionsType":null,"aboutURL":null,"icons":{},"iconURL":null,"icon64URL":null,"defaultLocale":{"name":"Application Update Service Helper","description":"Sets value(s) in the update url based on custom checks.","creator":null,"homepageURL":null},"visible":true,"active":true,"userDisabled":false,"appDisabled":false,"descriptor":"/usr/lib/firefox/browser/features/aushelper@mozilla.org.xpi","installDate":1481290039000,"updateDate":1481290039000,"applyBackgroundUpdates":1,"bootstrap":true,"skinnable":false,"size":5975,"sourceURI":null,"releaseNotesURI":null,"softDisabled":false,"foreignInstall":false,"hasBinaryComponents":false,"strictCompatibility":false,"locales":[],"targetApplications":[{"id":"{ec8030f7-c20a-464f-9b0e-13a3a9e97384}","minVersion":"50.1.0","maxVersion":"50.*"}],"targetPlatforms":[],"multiprocessCompatible":true,"seen":true}
1482745309724	addons.xpi	DEBUG	getModTime: Recursive scan of aushelper@mozilla.org
1482745309725	addons.xpi	DEBUG	Updating XPIState for {"id":"e10srollout@mozilla.org","syncGUID":"{af45080a-8df5-445b-80c9-b36eed200b8d}","location":"app-system-defaults","version":"1.5","type":"extension","internalName":null,"updateURL":null,"updateKey":null,"optionsURL":null,"optionsType":null,"aboutURL":null,"icons":{},"iconURL":null,"icon64URL":null,"defaultLocale":{"name":"Multi-process staged rollout","description":"Staged rollout of Firefox multi-process feature.","creator":null,"homepageURL":null},"visible":true,"active":true,"userDisabled":false,"appDisabled":false,"descriptor":"/usr/lib/firefox/browser/features/e10srollout@mozilla.org.xpi","installDate":1481290039000,"updateDate":1481290039000,"applyBackgroundUpdates":1,"bootstrap":true,"skinnable":false,"size":7210,"sourceURI":null,"releaseNotesURI":null,"softDisabled":false,"foreignInstall":false,"hasBinaryComponents":false,"strictCompatibility":false,"locales":[],"targetApplications":[{"id":"{ec8030f7-c20a-464f-9b0e-13a3a9e97384}","minVersion":"50.1.0","maxVersion":"50.*"}],"targetPlatforms":[],"multiprocessCompatible":false,"seen":true}
1482745309725	addons.xpi	DEBUG	getModTime: Recursive scan of e10srollout@mozilla.org
1482745309726	addons.xpi	DEBUG	Updating XPIState for {"id":"webcompat@mozilla.org","syncGUID":"{049c2e1a-ccbb-40d8-8f32-e8d969cbf752}","location":"app-system-defaults","version":"1.0","type":"extension","internalName":null,"updateURL":null,"updateKey":null,"optionsURL":null,"optionsType":null,"aboutURL":null,"icons":{},"iconURL":null,"icon64URL":null,"defaultLocale":{"name":"Web Compat","description":"Urgent post-release fixes for web compatibility.","creator":null,"homepageURL":null},"visible":true,"active":true,"userDisabled":false,"appDisabled":false,"descriptor":"/usr/lib/firefox/browser/features/webcompat@mozilla.org.xpi","installDate":1481290040000,"updateDate":1481290040000,"applyBackgroundUpdates":1,"bootstrap":true,"skinnable":false,"size":1502,"sourceURI":null,"releaseNotesURI":null,"softDisabled":false,"foreignInstall":false,"hasBinaryComponents":false,"strictCompatibility":false,"locales":[],"targetApplications":[{"id":"{ec8030f7-c20a-464f-9b0e-13a3a9e97384}","minVersion":"50.1.0","maxVersion":"50.*"}],"targetPlatforms":[],"multiprocessCompatible":false,"seen":true}
1482745309726	addons.xpi	DEBUG	getModTime: Recursive scan of webcompat@mozilla.org
1482745309727	addons.xpi	DEBUG	Updating XPIState for {"id":"firefox@getpocket.com","syncGUID":"{6cc52b62-97c5-415a-b2a5-af261b0c9773}","location":"app-system-defaults","version":"1.0.5","type":"extension","internalName":null,"updateURL":null,"updateKey":null,"optionsURL":null,"optionsType":null,"aboutURL":null,"icons":{},"iconURL":null,"icon64URL":null,"defaultLocale":{"name":"Pocket","description":"When you find something you want to view later, put it in Pocket.","creator":null,"homepageURL":null},"visible":true,"active":true,"userDisabled":false,"appDisabled":false,"descriptor":"/usr/lib/firefox/browser/features/firefox@getpocket.com.xpi","installDate":1481290040000,"updateDate":1481290040000,"applyBackgroundUpdates":1,"bootstrap":true,"skinnable":false,"size":917398,"sourceURI":null,"releaseNotesURI":null,"softDisabled":false,"foreignInstall":false,"hasBinaryComponents":false,"strictCompatibility":false,"locales":[],"targetApplications":[{"id":"{ec8030f7-c20a-464f-9b0e-13a3a9e97384}","minVersion":"50.1.0","maxVersion":"50.*"}],"targetPlatforms":[],"multiprocessCompatible":false,"seen":true}
1482745309727	addons.xpi	DEBUG	getModTime: Recursive scan of firefox@getpocket.com
1482745309728	addons.xpi	DEBUG	Updating XPIState for {"id":"langpack-en-ZA@firefox.mozilla.org","syncGUID":"{247f699b-0b8a-446e-be80-1aa07960cd0f}","location":"app-global","version":"50.1.0","type":"locale","internalName":null,"updateURL":null,"updateKey":null,"optionsURL":null,"optionsType":null,"aboutURL":null,"icons":{},"iconURL":null,"icon64URL":null,"defaultLocale":{"name":"English (South Africa) Language Pack","description":null,"creator":"Translate.org.za","homepageURL":null,"contributors":["Translate.org.za","Dwayne Bailey"]},"visible":true,"active":true,"userDisabled":false,"appDisabled":false,"descriptor":"/usr/lib/firefox/browser/extensions/langpack-en-ZA@firefox.mozilla.org.xpi","installDate":1481295526000,"updateDate":1481295526000,"applyBackgroundUpdates":1,"bootstrap":true,"skinnable":false,"size":1154109,"sourceURI":null,"releaseNotesURI":null,"softDisabled":false,"foreignInstall":true,"hasBinaryComponents":false,"strictCompatibility":true,"locales":[],"targetApplications":[{"id":"{ec8030f7-c20a-464f-9b0e-13a3a9e97384}","minVersion":"50.1.0","maxVersion":"50.*"}],"targetPlatforms":[],"seen":true}
1482745309728	addons.xpi	DEBUG	getModTime: Recursive scan of langpack-en-ZA@firefox.mozilla.org
1482745309729	addons.xpi	DEBUG	Updating XPIState for {"id":"{972ce4c6-7e08-4474-a285-3208198ce6fd}","syncGUID":"{cb288e23-2206-483b-8fb9-11f49ca509ef}","location":"app-global","version":"50.1.0","type":"theme","internalName":"classic/1.0","updateURL":null,"updateKey":null,"optionsURL":null,"optionsType":null,"aboutURL":null,"icons":{"32":"icon.png","48":"icon.png"},"iconURL":null,"icon64URL":null,"defaultLocale":{"name":"Default","description":"The default theme.","creator":"Mozilla","homepageURL":null,"contributors":["Mozilla Contributors"]},"visible":true,"active":true,"userDisabled":false,"appDisabled":false,"descriptor":"/usr/lib/firefox/browser/extensions/{972ce4c6-7e08-4474-a285-3208198ce6fd}.xpi","installDate":1481290039000,"updateDate":1481290039000,"applyBackgroundUpdates":1,"skinnable":true,"size":4932,"sourceURI":null,"releaseNotesURI":null,"softDisabled":false,"foreignInstall":false,"hasBinaryComponents":false,"strictCompatibility":true,"locales":[],"targetApplications":[{"id":"{ec8030f7-c20a-464f-9b0e-13a3a9e97384}","minVersion":"50.1.0","maxVersion":"50.1.0"}],"targetPlatforms":[],"seen":true}
1482745309729	addons.xpi	DEBUG	getModTime: Recursive scan of {972ce4c6-7e08-4474-a285-3208198ce6fd}
1482745309730	addons.xpi	DEBUG	Updating XPIState for {"id":"langpack-en-GB@firefox.mozilla.org","syncGUID":"{a714b7ae-4ead-4e9e-9809-7c957061bd8b}","location":"app-global","version":"50.1.0","type":"locale","internalName":null,"updateURL":null,"updateKey":null,"optionsURL":null,"optionsType":null,"aboutURL":null,"icons":{},"iconURL":null,"icon64URL":null,"defaultLocale":{"name":"English (GB) Language Pack","description":null,"creator":"Mark Tyndall","homepageURL":null,"contributors":["David Bartlett","Constantine Murenin","Ian Neal"]},"visible":true,"active":true,"userDisabled":false,"appDisabled":false,"descriptor":"/usr/lib/firefox/browser/extensions/langpack-en-GB@firefox.mozilla.org.xpi","installDate":1481295526000,"updateDate":1481295526000,"applyBackgroundUpdates":1,"bootstrap":true,"skinnable":false,"size":1130205,"sourceURI":null,"releaseNotesURI":null,"softDisabled":false,"foreignInstall":true,"hasBinaryComponents":false,"strictCompatibility":true,"locales":[],"targetApplications":[{"id":"{ec8030f7-c20a-464f-9b0e-13a3a9e97384}","minVersion":"50.1.0","maxVersion":"50.*"}],"targetPlatforms":[],"seen":true}
1482745309731	addons.xpi	DEBUG	getModTime: Recursive scan of langpack-en-GB@firefox.mozilla.org
1482745309732	addons.xpi	DEBUG	Updating XPIState for {"id":"langpack-zh-CN@firefox.mozilla.org","syncGUID":"{8b5c4797-598f-4a8f-b06f-482bbd7733f9}","location":"app-global","version":"50.1.0","type":"locale","internalName":null,"updateURL":null,"updateKey":null,"optionsURL":null,"optionsType":null,"aboutURL":null,"icons":{},"iconURL":null,"icon64URL":null,"defaultLocale":{"name":"Chinese Simplified (zh-CN) Language Pack","description":null,"creator":"Mozest","homepageURL":null,"contributors":["Wen Shaohua","Jin Jian","Rongjun Mu","Xie Yanbo","Cathayan","YFdyh000","xcffl","Shen Hao","Liu Xing"]},"visible":true,"active":true,"userDisabled":false,"appDisabled":false,"descriptor":"/usr/lib/firefox/browser/extensions/langpack-zh-CN@firefox.mozilla.org.xpi","installDate":1481295717000,"updateDate":1481295717000,"applyBackgroundUpdates":1,"bootstrap":true,"skinnable":false,"size":1110685,"sourceURI":null,"releaseNotesURI":null,"softDisabled":false,"foreignInstall":true,"hasBinaryComponents":false,"strictCompatibility":true,"locales":[],"targetApplications":[{"id":"{ec8030f7-c20a-464f-9b0e-13a3a9e97384}","minVersion":"50.1.0","maxVersion":"50.*"}],"targetPlatforms":[],"seen":true}
1482745309732	addons.xpi	DEBUG	getModTime: Recursive scan of langpack-zh-CN@firefox.mozilla.org
1482745309734	DeferredSave.extensions.json	DEBUG	Save changes
1482745309734	addons.xpi	DEBUG	Updating database with changes to installed add-ons
1482745309734	addons.xpi-utils	DEBUG	Updating add-on states
1482745309735	addons.xpi-utils	DEBUG	Writing add-ons list
1482745309737	addons.xpi	DEBUG	Registering manifest for /usr/lib/firefox/browser/features/aushelper@mozilla.org.xpi
1482745309737	addons.xpi	DEBUG	Calling bootstrap method startup on aushelper@mozilla.org version 1.0
1482745309738	addons.xpi	DEBUG	Registering manifest for /usr/lib/firefox/browser/features/e10srollout@mozilla.org.xpi
1482745309739	addons.xpi	DEBUG	Calling bootstrap method startup on e10srollout@mozilla.org version 1.5
1482745309739	addons.xpi	DEBUG	Registering manifest for /usr/lib/firefox/browser/features/webcompat@mozilla.org.xpi
1482745309740	addons.xpi	DEBUG	Calling bootstrap method startup on webcompat@mozilla.org version 1.0
1482745309741	addons.xpi	DEBUG	Registering manifest for /usr/lib/firefox/browser/features/firefox@getpocket.com.xpi
1482745309742	addons.xpi	DEBUG	Calling bootstrap method startup on firefox@getpocket.com version 1.0.5
1482745309743	addons.xpi	DEBUG	Registering manifest for /usr/lib/firefox/browser/extensions/langpack-en-ZA@firefox.mozilla.org.xpi
1482745309744	addons.xpi	DEBUG	Registering manifest for /usr/lib/firefox/browser/extensions/langpack-en-GB@firefox.mozilla.org.xpi
1482745309745	addons.xpi	DEBUG	Registering manifest for /usr/lib/firefox/browser/extensions/langpack-zh-CN@firefox.mozilla.org.xpi
1482745309748	addons.manager	DEBUG	Registering shutdown blocker for XPIProvider
1482745309748	addons.manager	DEBUG	Provider finished startup: XPIProvider
1482745309749	addons.manager	DEBUG	Starting provider: LightweightThemeManager
1482745309749	addons.manager	DEBUG	Registering shutdown blocker for LightweightThemeManager
1482745309749	addons.manager	DEBUG	Provider finished startup: LightweightThemeManager
1482745309750	addons.manager	DEBUG	Starting provider: GMPProvider
1482745309760	addons.manager	DEBUG	Registering shutdown blocker for GMPProvider
1482745309760	addons.manager	DEBUG	Provider finished startup: GMPProvider
1482745309760	addons.manager	DEBUG	Starting provider: PluginProvider
1482745309761	addons.manager	DEBUG	Registering shutdown blocker for PluginProvider
1482745309761	addons.manager	DEBUG	Provider finished startup: PluginProvider
1482745309762	addons.manager	DEBUG	Completed startup sequence
1482745309920	Marionette	INFO	Listening on port 32933
1482745310120	addons.manager	DEBUG	Starting provider: <unnamed-provider>
1482745310120	addons.manager	DEBUG	Registering shutdown blocker for <unnamed-provider>
1482745310121	addons.manager	DEBUG	Provider finished startup: <unnamed-provider>
1482745310137	addons.manager	DEBUG	Starting provider: PreviousExperimentProvider
1482745310138	addons.manager	DEBUG	Registering shutdown blocker for PreviousExperimentProvider
1482745310138	addons.manager	DEBUG	Provider finished startup: PreviousExperimentProvider
1482745310143	DeferredSave.extensions.json	DEBUG	Starting write
1482745310335	DeferredSave.extensions.json	DEBUG	Write succeeded
1482745310336	addons.xpi-utils	DEBUG	XPI Database saved, setting schema version preference to 17
1482745321757	addons.xpi	DEBUG	Calling bootstrap method shutdown on aushelper@mozilla.org version 1.0
1482745321758	addons.xpi	DEBUG	Calling bootstrap method shutdown on e10srollout@mozilla.org version 1.5
1482745321759	addons.xpi	DEBUG	Calling bootstrap method shutdown on webcompat@mozilla.org version 1.0
1482745321760	addons.xpi	DEBUG	Calling bootstrap method shutdown on firefox@getpocket.com version 1.0.5
1482745321937	addons.manager	DEBUG	shutdown
1482745321937	addons.manager	DEBUG	Calling shutdown blocker for XPIProvider
1482745321938	addons.xpi	DEBUG	shutdown
1482745321938	addons.xpi-utils	DEBUG	shutdown
1482745321940	addons.manager	DEBUG	Calling shutdown blocker for LightweightThemeManager
1482745321941	addons.manager	DEBUG	Calling shutdown blocker for GMPProvider
1482745321945	addons.manager	DEBUG	Calling shutdown blocker for PluginProvider
1482745321946	addons.manager	DEBUG	Calling shutdown blocker for <unnamed-provider>
1482745321950	addons.manager	DEBUG	Calling shutdown blocker for PreviousExperimentProvider
1482745321956	addons.xpi	DEBUG	Notifying XPI shutdown observers
1482745321966	addons.manager	DEBUG	Async provider shutdown done
1482745339587	geckodriver	INFO	Listening on 127.0.0.1:43351
1482745349847	geckodriver	INFO	Listening on 127.0.0.1:41710
1482745350850	mozprofile::profile	INFO	Using profile path /tmp/rust_mozprofile.VLwN3bpMPEtL
1482745350852	geckodriver::marionette	INFO	Starting browser /usr/bin/firefox
1482745350854	geckodriver::marionette	INFO	Connecting to Marionette on localhost:46268
1482745351058	addons.manager	DEBUG	Application has been upgraded
1482745351074	addons.manager	DEBUG	Loaded provider scope for resource://gre/modules/addons/XPIProvider.jsm: ["XPIProvider"]
1482745351077	addons.manager	DEBUG	Loaded provider scope for resource://gre/modules/LightweightThemeManager.jsm: ["LightweightThemeManager"]
1482745351081	addons.manager	DEBUG	Loaded provider scope for resource://gre/modules/addons/GMPProvider.jsm
1482745351084	addons.manager	DEBUG	Loaded provider scope for resource://gre/modules/addons/PluginProvider.jsm
1482745351085	addons.manager	DEBUG	Starting provider: XPIProvider
1482745351086	addons.xpi	DEBUG	startup
1482745351087	addons.xpi	INFO	SystemAddonInstallLocation directory is missing
1482745351088	addons.xpi	INFO	Mapping aushelper@mozilla.org to /usr/lib/firefox/browser/features/aushelper@mozilla.org.xpi
1482745351088	addons.xpi	INFO	Mapping e10srollout@mozilla.org to /usr/lib/firefox/browser/features/e10srollout@mozilla.org.xpi
1482745351089	addons.xpi	INFO	Mapping webcompat@mozilla.org to /usr/lib/firefox/browser/features/webcompat@mozilla.org.xpi
1482745351089	addons.xpi	INFO	Mapping firefox@getpocket.com to /usr/lib/firefox/browser/features/firefox@getpocket.com.xpi
1482745351090	addons.xpi	INFO	Mapping langpack-en-ZA@firefox.mozilla.org to /usr/lib/firefox/browser/extensions/langpack-en-ZA@firefox.mozilla.org.xpi
1482745351091	addons.xpi	INFO	Mapping {972ce4c6-7e08-4474-a285-3208198ce6fd} to /usr/lib/firefox/browser/extensions/{972ce4c6-7e08-4474-a285-3208198ce6fd}.xpi
1482745351091	addons.xpi	INFO	Mapping langpack-en-GB@firefox.mozilla.org to /usr/lib/firefox/browser/extensions/langpack-en-GB@firefox.mozilla.org.xpi
1482745351092	addons.xpi	INFO	Mapping langpack-zh-CN@firefox.mozilla.org to /usr/lib/firefox/browser/extensions/langpack-zh-CN@firefox.mozilla.org.xpi
1482745351092	addons.xpi	DEBUG	checkForChanges
1482745351093	addons.xpi	DEBUG	Loaded add-on state from prefs: {}
1482745351094	addons.xpi	DEBUG	New add-on aushelper@mozilla.org in app-system-defaults
1482745351095	addons.xpi	DEBUG	getModTime: Recursive scan of aushelper@mozilla.org
1482745351096	addons.xpi	DEBUG	New add-on e10srollout@mozilla.org in app-system-defaults
1482745351097	addons.xpi	DEBUG	getModTime: Recursive scan of e10srollout@mozilla.org
1482745351097	addons.xpi	DEBUG	New add-on webcompat@mozilla.org in app-system-defaults
1482745351098	addons.xpi	DEBUG	getModTime: Recursive scan of webcompat@mozilla.org
1482745351098	addons.xpi	DEBUG	New add-on firefox@getpocket.com in app-system-defaults
1482745351099	addons.xpi	DEBUG	getModTime: Recursive scan of firefox@getpocket.com
1482745351100	addons.xpi	DEBUG	New add-on langpack-en-ZA@firefox.mozilla.org in app-global
1482745351100	addons.xpi	DEBUG	getModTime: Recursive scan of langpack-en-ZA@firefox.mozilla.org
1482745351101	addons.xpi	DEBUG	New add-on {972ce4c6-7e08-4474-a285-3208198ce6fd} in app-global
1482745351101	addons.xpi	DEBUG	getModTime: Recursive scan of {972ce4c6-7e08-4474-a285-3208198ce6fd}
1482745351102	addons.xpi	DEBUG	New add-on langpack-en-GB@firefox.mozilla.org in app-global
1482745351102	addons.xpi	DEBUG	getModTime: Recursive scan of langpack-en-GB@firefox.mozilla.org
1482745351103	addons.xpi	DEBUG	New add-on langpack-zh-CN@firefox.mozilla.org in app-global
1482745351103	addons.xpi	DEBUG	getModTime: Recursive scan of langpack-zh-CN@firefox.mozilla.org
1482745351103	addons.xpi	DEBUG	getInstallState changed: true, state: {"app-system-defaults":{"aushelper@mozilla.org":{"d":"/usr/lib/firefox/browser/features/aushelper@mozilla.org.xpi","st":1481290039000},"e10srollout@mozilla.org":{"d":"/usr/lib/firefox/browser/features/e10srollout@mozilla.org.xpi","st":1481290039000},"webcompat@mozilla.org":{"d":"/usr/lib/firefox/browser/features/webcompat@mozilla.org.xpi","st":1481290040000},"firefox@getpocket.com":{"d":"/usr/lib/firefox/browser/features/firefox@getpocket.com.xpi","st":1481290040000}},"app-global":{"langpack-en-ZA@firefox.mozilla.org":{"d":"/usr/lib/firefox/browser/extensions/langpack-en-ZA@firefox.mozilla.org.xpi","st":1481295526000},"{972ce4c6-7e08-4474-a285-3208198ce6fd}":{"d":"/usr/lib/firefox/browser/extensions/{972ce4c6-7e08-4474-a285-3208198ce6fd}.xpi","st":1481290039000},"langpack-en-GB@firefox.mozilla.org":{"d":"/usr/lib/firefox/browser/extensions/langpack-en-GB@firefox.mozilla.org.xpi","st":1481295526000},"langpack-zh-CN@firefox.mozilla.org":{"d":"/usr/lib/firefox/browser/extensions/langpack-zh-CN@firefox.mozilla.org.xpi","st":1481295717000}}}
1482745351112	addons.xpi-utils	DEBUG	Opening XPI database /tmp/rust_mozprofile.VLwN3bpMPEtL/extensions.json
1482745351113	addons.xpi-utils	DEBUG	New add-on aushelper@mozilla.org installed in app-system-defaults
*** Blocklist::_loadBlocklistFromFile: blocklist is disabled
1482745351122	DeferredSave.extensions.json	DEBUG	Save changes
1482745351123	addons.xpi-utils	DEBUG	New add-on e10srollout@mozilla.org installed in app-system-defaults
1482745351125	DeferredSave.extensions.json	DEBUG	Starting timer
1482745351127	DeferredSave.extensions.json	DEBUG	Save changes
1482745351127	addons.xpi-utils	DEBUG	New add-on webcompat@mozilla.org installed in app-system-defaults
1482745351133	DeferredSave.extensions.json	DEBUG	Save changes
1482745351133	addons.xpi-utils	DEBUG	New add-on firefox@getpocket.com installed in app-system-defaults
1482745351140	DeferredSave.extensions.json	DEBUG	Save changes
1482745351142	addons.xpi-utils	DEBUG	New add-on langpack-en-ZA@firefox.mozilla.org installed in app-global
1482745351153	DeferredSave.extensions.json	DEBUG	Save changes
1482745351153	addons.xpi-utils	DEBUG	New add-on {972ce4c6-7e08-4474-a285-3208198ce6fd} installed in app-global
1482745351158	DeferredSave.extensions.json	DEBUG	Save changes
1482745351159	addons.xpi-utils	DEBUG	New add-on langpack-en-GB@firefox.mozilla.org installed in app-global
1482745351170	DeferredSave.extensions.json	DEBUG	Save changes
1482745351171	addons.xpi-utils	DEBUG	New add-on langpack-zh-CN@firefox.mozilla.org installed in app-global
1482745351180	DeferredSave.extensions.json	DEBUG	Save changes
1482745351181	addons.manager	DEBUG	Registering startup change 'installed' for aushelper@mozilla.org
1482745351187	addons.xpi	DEBUG	Loading bootstrap scope from /usr/lib/firefox/browser/features/aushelper@mozilla.org.xpi
1482745351191	addons.xpi	DEBUG	Calling bootstrap method install on aushelper@mozilla.org version 1.0
1482745351192	addons.xpi-utils	DEBUG	Make addon app-system-defaults:aushelper@mozilla.org visible
1482745351192	DeferredSave.extensions.json	DEBUG	Save changes
1482745351193	addons.manager	DEBUG	Registering startup change 'installed' for e10srollout@mozilla.org
1482745351193	addons.xpi	DEBUG	Loading bootstrap scope from /usr/lib/firefox/browser/features/e10srollout@mozilla.org.xpi
1482745351204	addons.xpi	DEBUG	Calling bootstrap method install on e10srollout@mozilla.org version 1.5
1482745351206	addons.xpi-utils	DEBUG	Make addon app-system-defaults:e10srollout@mozilla.org visible
1482745351206	DeferredSave.extensions.json	DEBUG	Save changes
1482745351207	addons.manager	DEBUG	Registering startup change 'installed' for webcompat@mozilla.org
1482745351208	addons.xpi	DEBUG	Loading bootstrap scope from /usr/lib/firefox/browser/features/webcompat@mozilla.org.xpi
1482745351209	addons.xpi	DEBUG	Calling bootstrap method install on webcompat@mozilla.org version 1.0
1482745351209	addons.xpi-utils	DEBUG	Make addon app-system-defaults:webcompat@mozilla.org visible
1482745351210	DeferredSave.extensions.json	DEBUG	Save changes
1482745351211	addons.manager	DEBUG	Registering startup change 'installed' for firefox@getpocket.com
1482745351212	addons.xpi	DEBUG	Loading bootstrap scope from /usr/lib/firefox/browser/features/firefox@getpocket.com.xpi
1482745351214	addons.xpi	DEBUG	Calling bootstrap method install on firefox@getpocket.com version 1.0.5
1482745351215	addons.xpi-utils	DEBUG	Make addon app-system-defaults:firefox@getpocket.com visible
1482745351216	DeferredSave.extensions.json	DEBUG	Save changes
1482745351216	addons.manager	DEBUG	Registering startup change 'installed' for langpack-en-ZA@firefox.mozilla.org
1482745351217	addons.manager	DEBUG	Registering startup change 'installed' for langpack-en-ZA@firefox.mozilla.org
1482745351218	addons.xpi-utils	DEBUG	Make addon app-global:langpack-en-ZA@firefox.mozilla.org visible
1482745351219	DeferredSave.extensions.json	DEBUG	Save changes
1482745351219	addons.xpi-utils	DEBUG	Make addon app-global:{972ce4c6-7e08-4474-a285-3208198ce6fd} visible
1482745351220	DeferredSave.extensions.json	DEBUG	Save changes
1482745351220	addons.manager	DEBUG	Registering startup change 'installed' for langpack-en-GB@firefox.mozilla.org
1482745351220	addons.manager	DEBUG	Registering startup change 'installed' for langpack-en-GB@firefox.mozilla.org
1482745351221	addons.xpi-utils	DEBUG	Make addon app-global:langpack-en-GB@firefox.mozilla.org visible
1482745351222	DeferredSave.extensions.json	DEBUG	Save changes
1482745351222	addons.manager	DEBUG	Registering startup change 'installed' for langpack-zh-CN@firefox.mozilla.org
1482745351222	addons.manager	DEBUG	Registering startup change 'installed' for langpack-zh-CN@firefox.mozilla.org
1482745351223	addons.xpi-utils	DEBUG	Make addon app-global:langpack-zh-CN@firefox.mozilla.org visible
1482745351223	DeferredSave.extensions.json	DEBUG	Save changes
1482745351224	addons.xpi	DEBUG	Updating XPIState for {"id":"aushelper@mozilla.org","syncGUID":"{e38be7a8-2268-4f05-8efa-ca79fb25e31f}","location":"app-system-defaults","version":"1.0","type":"extension","internalName":null,"updateURL":null,"updateKey":null,"optionsURL":null,"optionsType":null,"aboutURL":null,"icons":{},"iconURL":null,"icon64URL":null,"defaultLocale":{"name":"Application Update Service Helper","description":"Sets value(s) in the update url based on custom checks.","creator":null,"homepageURL":null},"visible":true,"active":true,"userDisabled":false,"appDisabled":false,"descriptor":"/usr/lib/firefox/browser/features/aushelper@mozilla.org.xpi","installDate":1481290039000,"updateDate":1481290039000,"applyBackgroundUpdates":1,"bootstrap":true,"skinnable":false,"size":5975,"sourceURI":null,"releaseNotesURI":null,"softDisabled":false,"foreignInstall":false,"hasBinaryComponents":false,"strictCompatibility":false,"locales":[],"targetApplications":[{"id":"{ec8030f7-c20a-464f-9b0e-13a3a9e97384}","minVersion":"50.1.0","maxVersion":"50.*"}],"targetPlatforms":[],"multiprocessCompatible":true,"seen":true}
1482745351224	addons.xpi	DEBUG	getModTime: Recursive scan of aushelper@mozilla.org
1482745351224	addons.xpi	DEBUG	Updating XPIState for {"id":"e10srollout@mozilla.org","syncGUID":"{cf1d4733-9cc6-41b0-b2a9-470433c0d62f}","location":"app-system-defaults","version":"1.5","type":"extension","internalName":null,"updateURL":null,"updateKey":null,"optionsURL":null,"optionsType":null,"aboutURL":null,"icons":{},"iconURL":null,"icon64URL":null,"defaultLocale":{"name":"Multi-process staged rollout","description":"Staged rollout of Firefox multi-process feature.","creator":null,"homepageURL":null},"visible":true,"active":true,"userDisabled":false,"appDisabled":false,"descriptor":"/usr/lib/firefox/browser/features/e10srollout@mozilla.org.xpi","installDate":1481290039000,"updateDate":1481290039000,"applyBackgroundUpdates":1,"bootstrap":true,"skinnable":false,"size":7210,"sourceURI":null,"releaseNotesURI":null,"softDisabled":false,"foreignInstall":false,"hasBinaryComponents":false,"strictCompatibility":false,"locales":[],"targetApplications":[{"id":"{ec8030f7-c20a-464f-9b0e-13a3a9e97384}","minVersion":"50.1.0","maxVersion":"50.*"}],"targetPlatforms":[],"multiprocessCompatible":false,"seen":true}
1482745351225	addons.xpi	DEBUG	getModTime: Recursive scan of e10srollout@mozilla.org
1482745351225	addons.xpi	DEBUG	Updating XPIState for {"id":"webcompat@mozilla.org","syncGUID":"{14346455-dd16-40e6-ae80-12f5415b1c1e}","location":"app-system-defaults","version":"1.0","type":"extension","internalName":null,"updateURL":null,"updateKey":null,"optionsURL":null,"optionsType":null,"aboutURL":null,"icons":{},"iconURL":null,"icon64URL":null,"defaultLocale":{"name":"Web Compat","description":"Urgent post-release fixes for web compatibility.","creator":null,"homepageURL":null},"visible":true,"active":true,"userDisabled":false,"appDisabled":false,"descriptor":"/usr/lib/firefox/browser/features/webcompat@mozilla.org.xpi","installDate":1481290040000,"updateDate":1481290040000,"applyBackgroundUpdates":1,"bootstrap":true,"skinnable":false,"size":1502,"sourceURI":null,"releaseNotesURI":null,"softDisabled":false,"foreignInstall":false,"hasBinaryComponents":false,"strictCompatibility":false,"locales":[],"targetApplications":[{"id":"{ec8030f7-c20a-464f-9b0e-13a3a9e97384}","minVersion":"50.1.0","maxVersion":"50.*"}],"targetPlatforms":[],"multiprocessCompatible":false,"seen":true}
1482745351226	addons.xpi	DEBUG	getModTime: Recursive scan of webcompat@mozilla.org
1482745351226	addons.xpi	DEBUG	Updating XPIState for {"id":"firefox@getpocket.com","syncGUID":"{4ffc117e-6f31-4659-bbda-4bfc46fc30a3}","location":"app-system-defaults","version":"1.0.5","type":"extension","internalName":null,"updateURL":null,"updateKey":null,"optionsURL":null,"optionsType":null,"aboutURL":null,"icons":{},"iconURL":null,"icon64URL":null,"defaultLocale":{"name":"Pocket","description":"When you find something you want to view later, put it in Pocket.","creator":null,"homepageURL":null},"visible":true,"active":true,"userDisabled":false,"appDisabled":false,"descriptor":"/usr/lib/firefox/browser/features/firefox@getpocket.com.xpi","installDate":1481290040000,"updateDate":1481290040000,"applyBackgroundUpdates":1,"bootstrap":true,"skinnable":false,"size":917398,"sourceURI":null,"releaseNotesURI":null,"softDisabled":false,"foreignInstall":false,"hasBinaryComponents":false,"strictCompatibility":false,"locales":[],"targetApplications":[{"id":"{ec8030f7-c20a-464f-9b0e-13a3a9e97384}","minVersion":"50.1.0","maxVersion":"50.*"}],"targetPlatforms":[],"multiprocessCompatible":false,"seen":true}
1482745351227	addons.xpi	DEBUG	getModTime: Recursive scan of firefox@getpocket.com
1482745351227	addons.xpi	DEBUG	Updating XPIState for {"id":"langpack-en-ZA@firefox.mozilla.org","syncGUID":"{77c9de38-f37c-4b0c-8ec0-d3bca6bf7a73}","location":"app-global","version":"50.1.0","type":"locale","internalName":null,"updateURL":null,"updateKey":null,"optionsURL":null,"optionsType":null,"aboutURL":null,"icons":{},"iconURL":null,"icon64URL":null,"defaultLocale":{"name":"English (South Africa) Language Pack","description":null,"creator":"Translate.org.za","homepageURL":null,"contributors":["Translate.org.za","Dwayne Bailey"]},"visible":true,"active":true,"userDisabled":false,"appDisabled":false,"descriptor":"/usr/lib/firefox/browser/extensions/langpack-en-ZA@firefox.mozilla.org.xpi","installDate":1481295526000,"updateDate":1481295526000,"applyBackgroundUpdates":1,"bootstrap":true,"skinnable":false,"size":1154109,"sourceURI":null,"releaseNotesURI":null,"softDisabled":false,"foreignInstall":true,"hasBinaryComponents":false,"strictCompatibility":true,"locales":[],"targetApplications":[{"id":"{ec8030f7-c20a-464f-9b0e-13a3a9e97384}","minVersion":"50.1.0","maxVersion":"50.*"}],"targetPlatforms":[],"seen":true}
1482745351227	addons.xpi	DEBUG	getModTime: Recursive scan of langpack-en-ZA@firefox.mozilla.org
1482745351228	addons.xpi	DEBUG	Updating XPIState for {"id":"{972ce4c6-7e08-4474-a285-3208198ce6fd}","syncGUID":"{4eff9163-06a7-4056-9568-b08d49728051}","location":"app-global","version":"50.1.0","type":"theme","internalName":"classic/1.0","updateURL":null,"updateKey":null,"optionsURL":null,"optionsType":null,"aboutURL":null,"icons":{"32":"icon.png","48":"icon.png"},"iconURL":null,"icon64URL":null,"defaultLocale":{"name":"Default","description":"The default theme.","creator":"Mozilla","homepageURL":null,"contributors":["Mozilla Contributors"]},"visible":true,"active":true,"userDisabled":false,"appDisabled":false,"descriptor":"/usr/lib/firefox/browser/extensions/{972ce4c6-7e08-4474-a285-3208198ce6fd}.xpi","installDate":1481290039000,"updateDate":1481290039000,"applyBackgroundUpdates":1,"skinnable":true,"size":4932,"sourceURI":null,"releaseNotesURI":null,"softDisabled":false,"foreignInstall":false,"hasBinaryComponents":false,"strictCompatibility":true,"locales":[],"targetApplications":[{"id":"{ec8030f7-c20a-464f-9b0e-13a3a9e97384}","minVersion":"50.1.0","maxVersion":"50.1.0"}],"targetPlatforms":[],"seen":true}
1482745351228	addons.xpi	DEBUG	getModTime: Recursive scan of {972ce4c6-7e08-4474-a285-3208198ce6fd}
1482745351230	addons.xpi	DEBUG	Updating XPIState for {"id":"langpack-en-GB@firefox.mozilla.org","syncGUID":"{7ce3e788-9db9-4d21-9438-69962601a254}","location":"app-global","version":"50.1.0","type":"locale","internalName":null,"updateURL":null,"updateKey":null,"optionsURL":null,"optionsType":null,"aboutURL":null,"icons":{},"iconURL":null,"icon64URL":null,"defaultLocale":{"name":"English (GB) Language Pack","description":null,"creator":"Mark Tyndall","homepageURL":null,"contributors":["David Bartlett","Constantine Murenin","Ian Neal"]},"visible":true,"active":true,"userDisabled":false,"appDisabled":false,"descriptor":"/usr/lib/firefox/browser/extensions/langpack-en-GB@firefox.mozilla.org.xpi","installDate":1481295526000,"updateDate":1481295526000,"applyBackgroundUpdates":1,"bootstrap":true,"skinnable":false,"size":1130205,"sourceURI":null,"releaseNotesURI":null,"softDisabled":false,"foreignInstall":true,"hasBinaryComponents":false,"strictCompatibility":true,"locales":[],"targetApplications":[{"id":"{ec8030f7-c20a-464f-9b0e-13a3a9e97384}","minVersion":"50.1.0","maxVersion":"50.*"}],"targetPlatforms":[],"seen":true}
1482745351230	addons.xpi	DEBUG	getModTime: Recursive scan of langpack-en-GB@firefox.mozilla.org
1482745351231	addons.xpi	DEBUG	Updating XPIState for {"id":"langpack-zh-CN@firefox.mozilla.org","syncGUID":"{7b2ca767-d665-4368-884e-781bfc77cba9}","location":"app-global","version":"50.1.0","type":"locale","internalName":null,"updateURL":null,"updateKey":null,"optionsURL":null,"optionsType":null,"aboutURL":null,"icons":{},"iconURL":null,"icon64URL":null,"defaultLocale":{"name":"Chinese Simplified (zh-CN) Language Pack","description":null,"creator":"Mozest","homepageURL":null,"contributors":["Wen Shaohua","Jin Jian","Rongjun Mu","Xie Yanbo","Cathayan","YFdyh000","xcffl","Shen Hao","Liu Xing"]},"visible":true,"active":true,"userDisabled":false,"appDisabled":false,"descriptor":"/usr/lib/firefox/browser/extensions/langpack-zh-CN@firefox.mozilla.org.xpi","installDate":1481295717000,"updateDate":1481295717000,"applyBackgroundUpdates":1,"bootstrap":true,"skinnable":false,"size":1110685,"sourceURI":null,"releaseNotesURI":null,"softDisabled":false,"foreignInstall":true,"hasBinaryComponents":false,"strictCompatibility":true,"locales":[],"targetApplications":[{"id":"{ec8030f7-c20a-464f-9b0e-13a3a9e97384}","minVersion":"50.1.0","maxVersion":"50.*"}],"targetPlatforms":[],"seen":true}
1482745351232	addons.xpi	DEBUG	getModTime: Recursive scan of langpack-zh-CN@firefox.mozilla.org
1482745351233	DeferredSave.extensions.json	DEBUG	Save changes
1482745351233	addons.xpi	DEBUG	Updating database with changes to installed add-ons
1482745351233	addons.xpi-utils	DEBUG	Updating add-on states
1482745351235	addons.xpi-utils	DEBUG	Writing add-ons list
1482745351236	addons.xpi	DEBUG	Registering manifest for /usr/lib/firefox/browser/features/aushelper@mozilla.org.xpi
1482745351237	addons.xpi	DEBUG	Calling bootstrap method startup on aushelper@mozilla.org version 1.0
1482745351237	addons.xpi	DEBUG	Registering manifest for /usr/lib/firefox/browser/features/e10srollout@mozilla.org.xpi
1482745351238	addons.xpi	DEBUG	Calling bootstrap method startup on e10srollout@mozilla.org version 1.5
1482745351238	addons.xpi	DEBUG	Registering manifest for /usr/lib/firefox/browser/features/webcompat@mozilla.org.xpi
1482745351239	addons.xpi	DEBUG	Calling bootstrap method startup on webcompat@mozilla.org version 1.0
1482745351239	addons.xpi	DEBUG	Registering manifest for /usr/lib/firefox/browser/features/firefox@getpocket.com.xpi
1482745351240	addons.xpi	DEBUG	Calling bootstrap method startup on firefox@getpocket.com version 1.0.5
1482745351241	addons.xpi	DEBUG	Registering manifest for /usr/lib/firefox/browser/extensions/langpack-en-ZA@firefox.mozilla.org.xpi
1482745351242	addons.xpi	DEBUG	Registering manifest for /usr/lib/firefox/browser/extensions/langpack-en-GB@firefox.mozilla.org.xpi
1482745351243	addons.xpi	DEBUG	Registering manifest for /usr/lib/firefox/browser/extensions/langpack-zh-CN@firefox.mozilla.org.xpi
1482745351245	addons.manager	DEBUG	Registering shutdown blocker for XPIProvider
1482745351246	addons.manager	DEBUG	Provider finished startup: XPIProvider
1482745351246	addons.manager	DEBUG	Starting provider: LightweightThemeManager
1482745351246	addons.manager	DEBUG	Registering shutdown blocker for LightweightThemeManager
1482745351247	addons.manager	DEBUG	Provider finished startup: LightweightThemeManager
1482745351247	addons.manager	DEBUG	Starting provider: GMPProvider
1482745351256	addons.manager	DEBUG	Registering shutdown blocker for GMPProvider
1482745351257	addons.manager	DEBUG	Provider finished startup: GMPProvider
1482745351257	addons.manager	DEBUG	Starting provider: PluginProvider
1482745351257	addons.manager	DEBUG	Registering shutdown blocker for PluginProvider
1482745351258	addons.manager	DEBUG	Provider finished startup: PluginProvider
1482745351259	addons.manager	DEBUG	Completed startup sequence
1482745351423	Marionette	INFO	Listening on port 46268
1482745351614	addons.manager	DEBUG	Starting provider: <unnamed-provider>
1482745351614	addons.manager	DEBUG	Registering shutdown blocker for <unnamed-provider>
1482745351615	addons.manager	DEBUG	Provider finished startup: <unnamed-provider>
1482745351629	addons.manager	DEBUG	Starting provider: PreviousExperimentProvider
1482745351630	addons.manager	DEBUG	Registering shutdown blocker for PreviousExperimentProvider
1482745351630	addons.manager	DEBUG	Provider finished startup: PreviousExperimentProvider
1482745351634	DeferredSave.extensions.json	DEBUG	Starting write
1482745351815	DeferredSave.extensions.json	DEBUG	Write succeeded
1482745351816	addons.xpi-utils	DEBUG	XPI Database saved, setting schema version preference to 17
1482745412587	addons.productaddons	INFO	sending request to: https://aus5.mozilla.org/update/3/GMP/50.1.0/20161209095719/Linux_x86_64-gcc3/null/release-cck- ubuntu/Linux%204.4.0-57-generic%20(GTK%203.18.9%2Clibpulse%208.0.0)/canonical/1.0/update.xml
1482745413300	addons.productaddons	INFO	Completed downloading document
1482745414409	addons.productaddons	INFO	downloadXHR File download. status=200
1482745414412	addons.productaddons	INFO	Downloaded file will be saved to /tmp/tmpaddon
1482745514869	geckodriver	INFO	Listening on 127.0.0.1:47469
1482745515897	mozprofile::profile	INFO	Using profile path /tmp/rust_mozprofile.5BMZcNtz9Q3q
1482745515898	geckodriver::marionette	INFO	Starting browser /usr/bin/firefox
1482745515900	geckodriver::marionette	INFO	Connecting to Marionette on localhost:41042
1482745516118	addons.manager	DEBUG	Application has been upgraded
1482745516135	addons.manager	DEBUG	Loaded provider scope for resource://gre/modules/addons/XPIProvider.jsm: ["XPIProvider"]
1482745516139	addons.manager	DEBUG	Loaded provider scope for resource://gre/modules/LightweightThemeManager.jsm: ["LightweightThemeManager"]
1482745516147	addons.manager	DEBUG	Loaded provider scope for resource://gre/modules/addons/GMPProvider.jsm
1482745516149	addons.manager	DEBUG	Loaded provider scope for resource://gre/modules/addons/PluginProvider.jsm
1482745516150	addons.manager	DEBUG	Starting provider: XPIProvider
1482745516150	addons.xpi	DEBUG	startup
1482745516151	addons.xpi	INFO	SystemAddonInstallLocation directory is missing
1482745516152	addons.xpi	INFO	Mapping aushelper@mozilla.org to /usr/lib/firefox/browser/features/aushelper@mozilla.org.xpi
1482745516153	addons.xpi	INFO	Mapping e10srollout@mozilla.org to /usr/lib/firefox/browser/features/e10srollout@mozilla.org.xpi
1482745516154	addons.xpi	INFO	Mapping webcompat@mozilla.org to /usr/lib/firefox/browser/features/webcompat@mozilla.org.xpi
1482745516155	addons.xpi	INFO	Mapping firefox@getpocket.com to /usr/lib/firefox/browser/features/firefox@getpocket.com.xpi
1482745516158	addons.xpi	INFO	Mapping langpack-en-ZA@firefox.mozilla.org to /usr/lib/firefox/browser/extensions/langpack-en-ZA@firefox.mozilla.org.xpi
1482745516158	addons.xpi	INFO	Mapping {972ce4c6-7e08-4474-a285-3208198ce6fd} to /usr/lib/firefox/browser/extensions/{972ce4c6-7e08-4474-a285-3208198ce6fd}.xpi
1482745516159	addons.xpi	INFO	Mapping langpack-en-GB@firefox.mozilla.org to /usr/lib/firefox/browser/extensions/langpack-en-GB@firefox.mozilla.org.xpi
1482745516159	addons.xpi	INFO	Mapping langpack-zh-CN@firefox.mozilla.org to /usr/lib/firefox/browser/extensions/langpack-zh-CN@firefox.mozilla.org.xpi
1482745516160	addons.xpi	DEBUG	checkForChanges
1482745516161	addons.xpi	DEBUG	Loaded add-on state from prefs: {}
1482745516163	addons.xpi	DEBUG	New add-on aushelper@mozilla.org in app-system-defaults
1482745516164	addons.xpi	DEBUG	getModTime: Recursive scan of aushelper@mozilla.org
1482745516165	addons.xpi	DEBUG	New add-on e10srollout@mozilla.org in app-system-defaults
1482745516166	addons.xpi	DEBUG	getModTime: Recursive scan of e10srollout@mozilla.org
1482745516166	addons.xpi	DEBUG	New add-on webcompat@mozilla.org in app-system-defaults
1482745516167	addons.xpi	DEBUG	getModTime: Recursive scan of webcompat@mozilla.org
1482745516167	addons.xpi	DEBUG	New add-on firefox@getpocket.com in app-system-defaults
1482745516168	addons.xpi	DEBUG	getModTime: Recursive scan of firefox@getpocket.com
1482745516168	addons.xpi	DEBUG	New add-on langpack-en-ZA@firefox.mozilla.org in app-global
1482745516169	addons.xpi	DEBUG	getModTime: Recursive scan of langpack-en-ZA@firefox.mozilla.org
1482745516169	addons.xpi	DEBUG	New add-on {972ce4c6-7e08-4474-a285-3208198ce6fd} in app-global
1482745516170	addons.xpi	DEBUG	getModTime: Recursive scan of {972ce4c6-7e08-4474-a285-3208198ce6fd}
1482745516170	addons.xpi	DEBUG	New add-on langpack-en-GB@firefox.mozilla.org in app-global
1482745516170	addons.xpi	DEBUG	getModTime: Recursive scan of langpack-en-GB@firefox.mozilla.org
1482745516171	addons.xpi	DEBUG	New add-on langpack-zh-CN@firefox.mozilla.org in app-global
1482745516171	addons.xpi	DEBUG	getModTime: Recursive scan of langpack-zh-CN@firefox.mozilla.org
1482745516171	addons.xpi	DEBUG	getInstallState changed: true, state: {"app-system-defaults":{"aushelper@mozilla.org":{"d":"/usr/lib/firefox/browser/features/aushelper@mozilla.org.xpi","st":1481290039000},"e10srollout@mozilla.org":{"d":"/usr/lib/firefox/browser/features/e10srollout@mozilla.org.xpi","st":1481290039000},"webcompat@mozilla.org":{"d":"/usr/lib/firefox/browser/features/webcompat@mozilla.org.xpi","st":1481290040000},"firefox@getpocket.com":{"d":"/usr/lib/firefox/browser/features/firefox@getpocket.com.xpi","st":1481290040000}},"app-global":{"langpack-en-ZA@firefox.mozilla.org":{"d":"/usr/lib/firefox/browser/extensions/langpack-en-ZA@firefox.mozilla.org.xpi","st":1481295526000},"{972ce4c6-7e08-4474-a285-3208198ce6fd}":{"d":"/usr/lib/firefox/browser/extensions/{972ce4c6-7e08-4474-a285-3208198ce6fd}.xpi","st":1481290039000},"langpack-en-GB@firefox.mozilla.org":{"d":"/usr/lib/firefox/browser/extensions/langpack-en-GB@firefox.mozilla.org.xpi","st":1481295526000},"langpack-zh-CN@firefox.mozilla.org":{"d":"/usr/lib/firefox/browser/extensions/langpack-zh-CN@firefox.mozilla.org.xpi","st":1481295717000}}}
1482745516179	addons.xpi-utils	DEBUG	Opening XPI database /tmp/rust_mozprofile.5BMZcNtz9Q3q/extensions.json
1482745516180	addons.xpi-utils	DEBUG	New add-on aushelper@mozilla.org installed in app-system-defaults
*** Blocklist::_loadBlocklistFromFile: blocklist is disabled
1482745516190	DeferredSave.extensions.json	DEBUG	Save changes
1482745516191	addons.xpi-utils	DEBUG	New add-on e10srollout@mozilla.org installed in app-system-defaults
1482745516194	DeferredSave.extensions.json	DEBUG	Starting timer
1482745516195	DeferredSave.extensions.json	DEBUG	Save changes
1482745516195	addons.xpi-utils	DEBUG	New add-on webcompat@mozilla.org installed in app-system-defaults
1482745516201	DeferredSave.extensions.json	DEBUG	Save changes
1482745516201	addons.xpi-utils	DEBUG	New add-on firefox@getpocket.com installed in app-system-defaults
1482745516208	DeferredSave.extensions.json	DEBUG	Save changes
1482745516209	addons.xpi-utils	DEBUG	New add-on langpack-en-ZA@firefox.mozilla.org installed in app-global
1482745516220	DeferredSave.extensions.json	DEBUG	Save changes
1482745516221	addons.xpi-utils	DEBUG	New add-on {972ce4c6-7e08-4474-a285-3208198ce6fd} installed in app-global
1482745516225	DeferredSave.extensions.json	DEBUG	Save changes
1482745516226	addons.xpi-utils	DEBUG	New add-on langpack-en-GB@firefox.mozilla.org installed in app-global
1482745516235	DeferredSave.extensions.json	DEBUG	Save changes
1482745516236	addons.xpi-utils	DEBUG	New add-on langpack-zh-CN@firefox.mozilla.org installed in app-global
1482745516245	DeferredSave.extensions.json	DEBUG	Save changes
1482745516246	addons.manager	DEBUG	Registering startup change 'installed' for aushelper@mozilla.org
1482745516252	addons.xpi	DEBUG	Loading bootstrap scope from /usr/lib/firefox/browser/features/aushelper@mozilla.org.xpi
1482745516257	addons.xpi	DEBUG	Calling bootstrap method install on aushelper@mozilla.org version 1.0
1482745516257	addons.xpi-utils	DEBUG	Make addon app-system-defaults:aushelper@mozilla.org visible
1482745516258	DeferredSave.extensions.json	DEBUG	Save changes
1482745516258	addons.manager	DEBUG	Registering startup change 'installed' for e10srollout@mozilla.org
1482745516259	addons.xpi	DEBUG	Loading bootstrap scope from /usr/lib/firefox/browser/features/e10srollout@mozilla.org.xpi
1482745516272	addons.xpi	DEBUG	Calling bootstrap method install on e10srollout@mozilla.org version 1.5
1482745516273	addons.xpi-utils	DEBUG	Make addon app-system-defaults:e10srollout@mozilla.org visible
1482745516274	DeferredSave.extensions.json	DEBUG	Save changes
1482745516274	addons.manager	DEBUG	Registering startup change 'installed' for webcompat@mozilla.org
1482745516275	addons.xpi	DEBUG	Loading bootstrap scope from /usr/lib/firefox/browser/features/webcompat@mozilla.org.xpi
1482745516277	addons.xpi	DEBUG	Calling bootstrap method install on webcompat@mozilla.org version 1.0
1482745516277	addons.xpi-utils	DEBUG	Make addon app-system-defaults:webcompat@mozilla.org visible
1482745516279	DeferredSave.extensions.json	DEBUG	Save changes
1482745516279	addons.manager	DEBUG	Registering startup change 'installed' for firefox@getpocket.com
1482745516280	addons.xpi	DEBUG	Loading bootstrap scope from /usr/lib/firefox/browser/features/firefox@getpocket.com.xpi
1482745516283	addons.xpi	DEBUG	Calling bootstrap method install on firefox@getpocket.com version 1.0.5
1482745516283	addons.xpi-utils	DEBUG	Make addon app-system-defaults:firefox@getpocket.com visible
1482745516284	DeferredSave.extensions.json	DEBUG	Save changes
1482745516284	addons.manager	DEBUG	Registering startup change 'installed' for langpack-en-ZA@firefox.mozilla.org
1482745516284	addons.manager	DEBUG	Registering startup change 'installed' for langpack-en-ZA@firefox.mozilla.org
1482745516285	addons.xpi-utils	DEBUG	Make addon app-global:langpack-en-ZA@firefox.mozilla.org visible
1482745516285	DeferredSave.extensions.json	DEBUG	Save changes
1482745516285	addons.xpi-utils	DEBUG	Make addon app-global:{972ce4c6-7e08-4474-a285-3208198ce6fd} visible
1482745516286	DeferredSave.extensions.json	DEBUG	Save changes
1482745516286	addons.manager	DEBUG	Registering startup change 'installed' for langpack-en-GB@firefox.mozilla.org
1482745516286	addons.manager	DEBUG	Registering startup change 'installed' for langpack-en-GB@firefox.mozilla.org
1482745516287	addons.xpi-utils	DEBUG	Make addon app-global:langpack-en-GB@firefox.mozilla.org visible
1482745516287	DeferredSave.extensions.json	DEBUG	Save changes
1482745516288	addons.manager	DEBUG	Registering startup change 'installed' for langpack-zh-CN@firefox.mozilla.org
1482745516288	addons.manager	DEBUG	Registering startup change 'installed' for langpack-zh-CN@firefox.mozilla.org
1482745516288	addons.xpi-utils	DEBUG	Make addon app-global:langpack-zh-CN@firefox.mozilla.org visible
1482745516289	DeferredSave.extensions.json	DEBUG	Save changes
1482745516289	addons.xpi	DEBUG	Updating XPIState for {"id":"aushelper@mozilla.org","syncGUID":"{1a7b0e0f-571e-48b7-9282-07a325e2525b}","location":"app-system-defaults","version":"1.0","type":"extension","internalName":null,"updateURL":null,"updateKey":null,"optionsURL":null,"optionsType":null,"aboutURL":null,"icons":{},"iconURL":null,"icon64URL":null,"defaultLocale":{"name":"Application Update Service Helper","description":"Sets value(s) in the update url based on custom checks.","creator":null,"homepageURL":null},"visible":true,"active":true,"userDisabled":false,"appDisabled":false,"descriptor":"/usr/lib/firefox/browser/features/aushelper@mozilla.org.xpi","installDate":1481290039000,"updateDate":1481290039000,"applyBackgroundUpdates":1,"bootstrap":true,"skinnable":false,"size":5975,"sourceURI":null,"releaseNotesURI":null,"softDisabled":false,"foreignInstall":false,"hasBinaryComponents":false,"strictCompatibility":false,"locales":[],"targetApplications":[{"id":"{ec8030f7-c20a-464f-9b0e-13a3a9e97384}","minVersion":"50.1.0","maxVersion":"50.*"}],"targetPlatforms":[],"multiprocessCompatible":true,"seen":true}
1482745516290	addons.xpi	DEBUG	getModTime: Recursive scan of aushelper@mozilla.org
1482745516290	addons.xpi	DEBUG	Updating XPIState for {"id":"e10srollout@mozilla.org","syncGUID":"{ab463165-0519-4148-9c06-03cb0334513d}","location":"app-system-defaults","version":"1.5","type":"extension","internalName":null,"updateURL":null,"updateKey":null,"optionsURL":null,"optionsType":null,"aboutURL":null,"icons":{},"iconURL":null,"icon64URL":null,"defaultLocale":{"name":"Multi-process staged rollout","description":"Staged rollout of Firefox multi-process feature.","creator":null,"homepageURL":null},"visible":true,"active":true,"userDisabled":false,"appDisabled":false,"descriptor":"/usr/lib/firefox/browser/features/e10srollout@mozilla.org.xpi","installDate":1481290039000,"updateDate":1481290039000,"applyBackgroundUpdates":1,"bootstrap":true,"skinnable":false,"size":7210,"sourceURI":null,"releaseNotesURI":null,"softDisabled":false,"foreignInstall":false,"hasBinaryComponents":false,"strictCompatibility":false,"locales":[],"targetApplications":[{"id":"{ec8030f7-c20a-464f-9b0e-13a3a9e97384}","minVersion":"50.1.0","maxVersion":"50.*"}],"targetPlatforms":[],"multiprocessCompatible":false,"seen":true}
1482745516291	addons.xpi	DEBUG	getModTime: Recursive scan of e10srollout@mozilla.org
1482745516291	addons.xpi	DEBUG	Updating XPIState for {"id":"webcompat@mozilla.org","syncGUID":"{ffe5dbc1-db01-4806-bcb7-876991697a7a}","location":"app-system-defaults","version":"1.0","type":"extension","internalName":null,"updateURL":null,"updateKey":null,"optionsURL":null,"optionsType":null,"aboutURL":null,"icons":{},"iconURL":null,"icon64URL":null,"defaultLocale":{"name":"Web Compat","description":"Urgent post-release fixes for web compatibility.","creator":null,"homepageURL":null},"visible":true,"active":true,"userDisabled":false,"appDisabled":false,"descriptor":"/usr/lib/firefox/browser/features/webcompat@mozilla.org.xpi","installDate":1481290040000,"updateDate":1481290040000,"applyBackgroundUpdates":1,"bootstrap":true,"skinnable":false,"size":1502,"sourceURI":null,"releaseNotesURI":null,"softDisabled":false,"foreignInstall":false,"hasBinaryComponents":false,"strictCompatibility":false,"locales":[],"targetApplications":[{"id":"{ec8030f7-c20a-464f-9b0e-13a3a9e97384}","minVersion":"50.1.0","maxVersion":"50.*"}],"targetPlatforms":[],"multiprocessCompatible":false,"seen":true}
1482745516292	addons.xpi	DEBUG	getModTime: Recursive scan of webcompat@mozilla.org
1482745516293	addons.xpi	DEBUG	Updating XPIState for {"id":"firefox@getpocket.com","syncGUID":"{3a8fa104-c614-408b-8327-a3f53ab7f574}","location":"app-system-defaults","version":"1.0.5","type":"extension","internalName":null,"updateURL":null,"updateKey":null,"optionsURL":null,"optionsType":null,"aboutURL":null,"icons":{},"iconURL":null,"icon64URL":null,"defaultLocale":{"name":"Pocket","description":"When you find something you want to view later, put it in Pocket.","creator":null,"homepageURL":null},"visible":true,"active":true,"userDisabled":false,"appDisabled":false,"descriptor":"/usr/lib/firefox/browser/features/firefox@getpocket.com.xpi","installDate":1481290040000,"updateDate":1481290040000,"applyBackgroundUpdates":1,"bootstrap":true,"skinnable":false,"size":917398,"sourceURI":null,"releaseNotesURI":null,"softDisabled":false,"foreignInstall":false,"hasBinaryComponents":false,"strictCompatibility":false,"locales":[],"targetApplications":[{"id":"{ec8030f7-c20a-464f-9b0e-13a3a9e97384}","minVersion":"50.1.0","maxVersion":"50.*"}],"targetPlatforms":[],"multiprocessCompatible":false,"seen":true}
1482745516294	addons.xpi	DEBUG	getModTime: Recursive scan of firefox@getpocket.com
1482745516295	addons.xpi	DEBUG	Updating XPIState for {"id":"langpack-en-ZA@firefox.mozilla.org","syncGUID":"{60abb2b4-6ab2-41d7-8eb8-e0c4353ee751}","location":"app-global","version":"50.1.0","type":"locale","internalName":null,"updateURL":null,"updateKey":null,"optionsURL":null,"optionsType":null,"aboutURL":null,"icons":{},"iconURL":null,"icon64URL":null,"defaultLocale":{"name":"English (South Africa) Language Pack","description":null,"creator":"Translate.org.za","homepageURL":null,"contributors":["Translate.org.za","Dwayne Bailey"]},"visible":true,"active":true,"userDisabled":false,"appDisabled":false,"descriptor":"/usr/lib/firefox/browser/extensions/langpack-en-ZA@firefox.mozilla.org.xpi","installDate":1481295526000,"updateDate":1481295526000,"applyBackgroundUpdates":1,"bootstrap":true,"skinnable":false,"size":1154109,"sourceURI":null,"releaseNotesURI":null,"softDisabled":false,"foreignInstall":true,"hasBinaryComponents":false,"strictCompatibility":true,"locales":[],"targetApplications":[{"id":"{ec8030f7-c20a-464f-9b0e-13a3a9e97384}","minVersion":"50.1.0","maxVersion":"50.*"}],"targetPlatforms":[],"seen":true}
1482745516295	addons.xpi	DEBUG	getModTime: Recursive scan of langpack-en-ZA@firefox.mozilla.org
1482745516295	addons.xpi	DEBUG	Updating XPIState for {"id":"{972ce4c6-7e08-4474-a285-3208198ce6fd}","syncGUID":"{458aa5f5-624c-4a6b-a0ac-8eddc7530591}","location":"app-global","version":"50.1.0","type":"theme","internalName":"classic/1.0","updateURL":null,"updateKey":null,"optionsURL":null,"optionsType":null,"aboutURL":null,"icons":{"32":"icon.png","48":"icon.png"},"iconURL":null,"icon64URL":null,"defaultLocale":{"name":"Default","description":"The default theme.","creator":"Mozilla","homepageURL":null,"contributors":["Mozilla Contributors"]},"visible":true,"active":true,"userDisabled":false,"appDisabled":false,"descriptor":"/usr/lib/firefox/browser/extensions/{972ce4c6-7e08-4474-a285-3208198ce6fd}.xpi","installDate":1481290039000,"updateDate":1481290039000,"applyBackgroundUpdates":1,"skinnable":true,"size":4932,"sourceURI":null,"releaseNotesURI":null,"softDisabled":false,"foreignInstall":false,"hasBinaryComponents":false,"strictCompatibility":true,"locales":[],"targetApplications":[{"id":"{ec8030f7-c20a-464f-9b0e-13a3a9e97384}","minVersion":"50.1.0","maxVersion":"50.1.0"}],"targetPlatforms":[],"seen":true}
1482745516296	addons.xpi	DEBUG	getModTime: Recursive scan of {972ce4c6-7e08-4474-a285-3208198ce6fd}
1482745516297	addons.xpi	DEBUG	Updating XPIState for {"id":"langpack-en-GB@firefox.mozilla.org","syncGUID":"{2de12507-4b85-463c-b850-963d3388163f}","location":"app-global","version":"50.1.0","type":"locale","internalName":null,"updateURL":null,"updateKey":null,"optionsURL":null,"optionsType":null,"aboutURL":null,"icons":{},"iconURL":null,"icon64URL":null,"defaultLocale":{"name":"English (GB) Language Pack","description":null,"creator":"Mark Tyndall","homepageURL":null,"contributors":["David Bartlett","Constantine Murenin","Ian Neal"]},"visible":true,"active":true,"userDisabled":false,"appDisabled":false,"descriptor":"/usr/lib/firefox/browser/extensions/langpack-en-GB@firefox.mozilla.org.xpi","installDate":1481295526000,"updateDate":1481295526000,"applyBackgroundUpdates":1,"bootstrap":true,"skinnable":false,"size":1130205,"sourceURI":null,"releaseNotesURI":null,"softDisabled":false,"foreignInstall":true,"hasBinaryComponents":false,"strictCompatibility":true,"locales":[],"targetApplications":[{"id":"{ec8030f7-c20a-464f-9b0e-13a3a9e97384}","minVersion":"50.1.0","maxVersion":"50.*"}],"targetPlatforms":[],"seen":true}
1482745516298	addons.xpi	DEBUG	getModTime: Recursive scan of langpack-en-GB@firefox.mozilla.org
1482745516299	addons.xpi	DEBUG	Updating XPIState for {"id":"langpack-zh-CN@firefox.mozilla.org","syncGUID":"{f5192b8d-fc63-4c3e-a493-4355aceb65cf}","location":"app-global","version":"50.1.0","type":"locale","internalName":null,"updateURL":null,"updateKey":null,"optionsURL":null,"optionsType":null,"aboutURL":null,"icons":{},"iconURL":null,"icon64URL":null,"defaultLocale":{"name":"Chinese Simplified (zh-CN) Language Pack","description":null,"creator":"Mozest","homepageURL":null,"contributors":["Wen Shaohua","Jin Jian","Rongjun Mu","Xie Yanbo","Cathayan","YFdyh000","xcffl","Shen Hao","Liu Xing"]},"visible":true,"active":true,"userDisabled":false,"appDisabled":false,"descriptor":"/usr/lib/firefox/browser/extensions/langpack-zh-CN@firefox.mozilla.org.xpi","installDate":1481295717000,"updateDate":1481295717000,"applyBackgroundUpdates":1,"bootstrap":true,"skinnable":false,"size":1110685,"sourceURI":null,"releaseNotesURI":null,"softDisabled":false,"foreignInstall":true,"hasBinaryComponents":false,"strictCompatibility":true,"locales":[],"targetApplications":[{"id":"{ec8030f7-c20a-464f-9b0e-13a3a9e97384}","minVersion":"50.1.0","maxVersion":"50.*"}],"targetPlatforms":[],"seen":true}
1482745516299	addons.xpi	DEBUG	getModTime: Recursive scan of langpack-zh-CN@firefox.mozilla.org
1482745516300	DeferredSave.extensions.json	DEBUG	Save changes
1482745516301	addons.xpi	DEBUG	Updating database with changes to installed add-ons
1482745516301	addons.xpi-utils	DEBUG	Updating add-on states
1482745516302	addons.xpi-utils	DEBUG	Writing add-ons list
1482745516304	addons.xpi	DEBUG	Registering manifest for /usr/lib/firefox/browser/features/aushelper@mozilla.org.xpi
1482745516304	addons.xpi	DEBUG	Calling bootstrap method startup on aushelper@mozilla.org version 1.0
1482745516305	addons.xpi	DEBUG	Registering manifest for /usr/lib/firefox/browser/features/e10srollout@mozilla.org.xpi
1482745516305	addons.xpi	DEBUG	Calling bootstrap method startup on e10srollout@mozilla.org version 1.5
1482745516305	addons.xpi	DEBUG	Registering manifest for /usr/lib/firefox/browser/features/webcompat@mozilla.org.xpi
1482745516306	addons.xpi	DEBUG	Calling bootstrap method startup on webcompat@mozilla.org version 1.0
1482745516306	addons.xpi	DEBUG	Registering manifest for /usr/lib/firefox/browser/features/firefox@getpocket.com.xpi
1482745516307	addons.xpi	DEBUG	Calling bootstrap method startup on firefox@getpocket.com version 1.0.5
1482745516308	addons.xpi	DEBUG	Registering manifest for /usr/lib/firefox/browser/extensions/langpack-en-ZA@firefox.mozilla.org.xpi
1482745516309	addons.xpi	DEBUG	Registering manifest for /usr/lib/firefox/browser/extensions/langpack-en-GB@firefox.mozilla.org.xpi
1482745516310	addons.xpi	DEBUG	Registering manifest for /usr/lib/firefox/browser/extensions/langpack-zh-CN@firefox.mozilla.org.xpi
1482745516313	addons.manager	DEBUG	Registering shutdown blocker for XPIProvider
1482745516313	addons.manager	DEBUG	Provider finished startup: XPIProvider
1482745516313	addons.manager	DEBUG	Starting provider: LightweightThemeManager
1482745516314	addons.manager	DEBUG	Registering shutdown blocker for LightweightThemeManager
1482745516314	addons.manager	DEBUG	Provider finished startup: LightweightThemeManager
1482745516315	addons.manager	DEBUG	Starting provider: GMPProvider
1482745516322	addons.manager	DEBUG	Registering shutdown blocker for GMPProvider
1482745516323	addons.manager	DEBUG	Provider finished startup: GMPProvider
1482745516323	addons.manager	DEBUG	Starting provider: PluginProvider
1482745516323	addons.manager	DEBUG	Registering shutdown blocker for PluginProvider
1482745516324	addons.manager	DEBUG	Provider finished startup: PluginProvider
1482745516324	addons.manager	DEBUG	Completed startup sequence
1482745516489	Marionette	INFO	Listening on port 41042
1482745516700	addons.manager	DEBUG	Starting provider: <unnamed-provider>
1482745516701	addons.manager	DEBUG	Registering shutdown blocker for <unnamed-provider>
1482745516702	addons.manager	DEBUG	Provider finished startup: <unnamed-provider>
1482745516718	addons.manager	DEBUG	Starting provider: PreviousExperimentProvider
1482745516718	addons.manager	DEBUG	Registering shutdown blocker for PreviousExperimentProvider
1482745516718	addons.manager	DEBUG	Provider finished startup: PreviousExperimentProvider
1482745516721	DeferredSave.extensions.json	DEBUG	Starting write
1482745516876	DeferredSave.extensions.json	DEBUG	Write succeeded
1482745516877	addons.xpi-utils	DEBUG	XPI Database saved, setting schema version preference to 17
1482745517838	addons.xpi	DEBUG	Calling bootstrap method shutdown on aushelper@mozilla.org version 1.0
1482745517840	addons.xpi	DEBUG	Calling bootstrap method shutdown on e10srollout@mozilla.org version 1.5
1482745517840	addons.xpi	DEBUG	Calling bootstrap method shutdown on webcompat@mozilla.org version 1.0
1482745517842	addons.xpi	DEBUG	Calling bootstrap method shutdown on firefox@getpocket.com version 1.0.5
1482745518090	addons.manager	DEBUG	shutdown
1482745518091	addons.manager	DEBUG	Calling shutdown blocker for XPIProvider
1482745518091	addons.xpi	DEBUG	shutdown
1482745518092	addons.xpi-utils	DEBUG	shutdown
1482745518093	addons.manager	DEBUG	Calling shutdown blocker for LightweightThemeManager
1482745518094	addons.manager	DEBUG	Calling shutdown blocker for GMPProvider
1482745518099	addons.manager	DEBUG	Calling shutdown blocker for PluginProvider
1482745518105	addons.manager	DEBUG	Calling shutdown blocker for <unnamed-provider>
1482745518108	addons.manager	DEBUG	Calling shutdown blocker for PreviousExperimentProvider
1482745518115	addons.xpi	DEBUG	Notifying XPI shutdown observers
1482745518123	addons.manager	DEBUG	Async provider shutdown done
1482745577831	addons.productaddons	INFO	sending request to: https://aus5.mozilla.org/update/3/GMP/50.1.0/20161209095719/Linux_x86_64-gcc3/null/release-cck- ubuntu/Linux%204.4.0-57-generic%20(GTK%203.18.9%2Clibpulse%208.0.0)/canonical/1.0/update.xml
1482745578582	addons.productaddons	INFO	Completed downloading document
1482745809078	addons.productaddons	INFO	downloadXHR File download. status=200
1482745809082	addons.productaddons	INFO	Downloaded file will be saved to /tmp/tmpaddon
1482745996416	addons.manager	INFO	Skipping background update check
1482746236438	DeferredSave.extensions.json	DEBUG	Save changes
1482746236440	DeferredSave.extensions.json	DEBUG	Starting timer
1482746236465	DeferredSave.extensions.json	DEBUG	Starting write
1482746236471	DeferredSave.extensions.json	DEBUG	Write succeeded
1482746666269	addons.xpi	DEBUG	Calling bootstrap method shutdown on aushelper@mozilla.org version 1.0
1482746666270	addons.xpi	DEBUG	Calling bootstrap method shutdown on e10srollout@mozilla.org version 1.5
1482746666271	addons.xpi	DEBUG	Calling bootstrap method shutdown on webcompat@mozilla.org version 1.0
1482746666272	addons.xpi	DEBUG	Calling bootstrap method shutdown on firefox@getpocket.com version 1.0.5
1482746666438	addons.manager	DEBUG	shutdown
1482746666439	addons.manager	DEBUG	Calling shutdown blocker for XPIProvider
1482746666439	addons.xpi	DEBUG	shutdown
1482746666439	addons.xpi-utils	DEBUG	shutdown
1482746666441	addons.manager	DEBUG	Calling shutdown blocker for LightweightThemeManager
1482746666441	addons.manager	DEBUG	Calling shutdown blocker for GMPProvider
1482746666446	addons.manager	DEBUG	Calling shutdown blocker for PluginProvider
1482746666446	addons.manager	DEBUG	Calling shutdown blocker for <unnamed-provider>
1482746666449	addons.manager	DEBUG	Calling shutdown blocker for PreviousExperimentProvider
1482746666453	addons.xpi	DEBUG	Notifying XPI shutdown observers
1482746666460	addons.manager	DEBUG	Async provider shutdown done
